<?xml version="1.0" encoding="UTF-8"?>
<!-- Generated by org.testng.reporters.JUnitReportReporter -->
<testsuite hostname="DESKTOP-3MR8OA7" failures="0" tests="1" name="org.qa.testcasesforadminpages.UsersPageTestCases" time="7.277" errors="0" timestamp="2020-10-08T17:51:29 IST" skipped="0">
  <testcase classname="org.qa.testcasesforadminpages.UsersPageTestCases" name="searchchecktestcase" time="7.277"/>
  <system-out/>
</testsuite> <!-- org.qa.testcasesforadminpages.UsersPageTestCases -->
