<?xml version="1.0" encoding="UTF-8"?>
<!-- Generated by org.testng.reporters.JUnitReportReporter -->
<testsuite hostname="DESKTOP-3MR8OA7" failures="0" tests="1" name="org.qa.testcasesforadminpages.NewUserPageTestCases" time="8.337" errors="0" timestamp="2020-10-08T18:21:54 IST" skipped="0">
  <testcase classname="org.qa.testcasesforadminpages.NewUserPageTestCases" name="Addnewusertestcase" time="8.337"/>
  <system-out/>
</testsuite> <!-- org.qa.testcasesforadminpages.NewUserPageTestCases -->
