<?xml version="1.0" encoding="UTF-8"?>
<!-- Generated by org.testng.reporters.JUnitReportReporter -->
<testsuite hostname="DESKTOP-3MR8OA7" failures="0" tests="1" name="org.qa.testcasesforbasepages.HomePageTestcases" time="8.175" errors="0" timestamp="2020-10-12T18:57:42 IST" skipped="0">
  <testcase classname="org.qa.testcasesforbasepages.HomePageTestcases" name="navigate_userspagetestcase" time="8.175"/>
  <system-out/>
</testsuite> <!-- org.qa.testcasesforbasepages.HomePageTestcases -->
